storage-demos/app/build/intermediates/manifest_merge_blame_file/debug/manifest-merger-blame-debug-report.txt
1<?xml version="1.0" encoding="utf-8"?>
2<manifest xmlns:android="http://schemas.android.com/apk/res/android"
3    package="com.ani.storage"
4    android:versionCode="1"
5    android:versionName="1.0" >
6
7    <uses-sdk
8        android:minSdkVersion="21"
8-->src/main/AndroidManifest.xml
9        android:targetSdkVersion="32" />
9-->src/main/AndroidManifest.xml
10
11    <application
11-->src/main/AndroidManifest.xml:6:5-49:19
12        android:allowBackup="true"
12-->src/main/AndroidManifest.xml:7:9-35
13        android:appComponentFactory="androidx.core.app.CoreComponentFactory"
13-->[androidx.core:core:1.8.0] AndroidManifest.xml:24:18-86
14        android:dataExtractionRules="@xml/data_extraction_rules"
14-->src/main/AndroidManifest.xml:8:9-65
15        android:debuggable="true"
16        android:fullBackupContent="@xml/backup_rules"
16-->src/main/AndroidManifest.xml:9:9-54
17        android:icon="@mipmap/ic_launcher"
17-->src/main/AndroidManifest.xml:10:9-43
18        android:label="@string/app_name"
18-->src/main/AndroidManifest.xml:11:9-41
19        android:roundIcon="@mipmap/ic_launcher_round"
19-->src/main/AndroidManifest.xml:12:9-54
20        android:supportsRtl="true"
20-->src/main/AndroidManifest.xml:13:9-35
21        android:testOnly="true"
22        android:theme="@style/Theme.StorageApp" >
22-->src/main/AndroidManifest.xml:14:9-48
23        <activity
23-->src/main/AndroidManifest.xml:16:9-29:20
24            android:name="com.ani.storage.FileShareActivity"
24-->src/main/AndroidManifest.xml:17:13-46
25            android:exported="true" >
25-->src/main/AndroidManifest.xml:18:13-36
26            <intent-filter>
26-->src/main/AndroidManifest.xml:19:13-28:29
27                <action android:name="android.intent.action.PICK" />
27-->src/main/AndroidManifest.xml:20:17-21:64
27-->src/main/AndroidManifest.xml:21:21-62
28
29                <category android:name="android.intent.category.DEFAULT" />
29-->src/main/AndroidManifest.xml:22:17-23:69
29-->src/main/AndroidManifest.xml:23:21-67
30                <category android:name="android.intent.category.OPENABLE" />
30-->src/main/AndroidManifest.xml:24:17-25:70
30-->src/main/AndroidManifest.xml:25:21-68
31
32                <data android:mimeType="text/plain" />
32-->src/main/AndroidManifest.xml:26:17-54
32-->src/main/AndroidManifest.xml:26:23-52
33                <data android:mimeType="image/*" />
33-->src/main/AndroidManifest.xml:26:17-54
33-->src/main/AndroidManifest.xml:26:23-52
34            </intent-filter>
35        </activity>
36        <activity
36-->src/main/AndroidManifest.xml:30:9-38:20
37            android:name="com.ani.storage.MainActivity"
37-->src/main/AndroidManifest.xml:31:13-41
38            android:exported="true" >
38-->src/main/AndroidManifest.xml:32:13-36
39            <intent-filter>
39-->src/main/AndroidManifest.xml:33:13-37:29
40                <action android:name="android.intent.action.MAIN" />
40-->src/main/AndroidManifest.xml:34:17-69
40-->src/main/AndroidManifest.xml:34:25-66
41
42                <category android:name="android.intent.category.LAUNCHER" />
42-->src/main/AndroidManifest.xml:36:17-77
42-->src/main/AndroidManifest.xml:36:27-74
43            </intent-filter>
44        </activity>
45
46        <provider
46-->src/main/AndroidManifest.xml:40:9-48:20
47            android:name="androidx.core.content.FileProvider"
47-->src/main/AndroidManifest.xml:41:13-62
48            android:authorities="com.ani.storage.fileprovider"
48-->src/main/AndroidManifest.xml:42:13-63
49            android:exported="false"
49-->src/main/AndroidManifest.xml:43:13-37
50            android:grantUriPermissions="true" >
50-->src/main/AndroidManifest.xml:44:13-47
51            <meta-data
51-->src/main/AndroidManifest.xml:45:13-47:53
52                android:name="android.support.FILE_PROVIDER_PATHS"
52-->src/main/AndroidManifest.xml:46:17-67
53                android:resource="@xml/filepaths" />
53-->src/main/AndroidManifest.xml:47:17-50
54        </provider>
55        <provider
55-->[androidx.emoji2:emoji2:1.2.0] AndroidManifest.xml:24:9-32:20
56            android:name="androidx.startup.InitializationProvider"
56-->[androidx.emoji2:emoji2:1.2.0] AndroidManifest.xml:25:13-67
57            android:authorities="com.ani.storage.androidx-startup"
57-->[androidx.emoji2:emoji2:1.2.0] AndroidManifest.xml:26:13-68
58            android:exported="false" >
58-->[androidx.emoji2:emoji2:1.2.0] AndroidManifest.xml:27:13-37
59            <meta-data
59-->[androidx.emoji2:emoji2:1.2.0] AndroidManifest.xml:29:13-31:52
60                android:name="androidx.emoji2.text.EmojiCompatInitializer"
60-->[androidx.emoji2:emoji2:1.2.0] AndroidManifest.xml:30:17-75
61                android:value="androidx.startup" />
61-->[androidx.emoji2:emoji2:1.2.0] AndroidManifest.xml:31:17-49
62            <meta-data
62-->[androidx.lifecycle:lifecycle-process:2.4.1] AndroidManifest.xml:31:13-33:52
63                android:name="androidx.lifecycle.ProcessLifecycleInitializer"
63-->[androidx.lifecycle:lifecycle-process:2.4.1] AndroidManifest.xml:32:17-78
64                android:value="androidx.startup" />
64-->[androidx.lifecycle:lifecycle-process:2.4.1] AndroidManifest.xml:33:17-49
65        </provider>
66    </application>
67
68</manifest>